fatal: error thrown and no exception handler available.
InterruptException()
_jl_mutex_unlock at /cache/build/tester-amdci4-14/julialang/julia-release-1-dot-12/src/threading.c:1054
jl_mutex_unlock at /cache/build/tester-amdci4-14/julialang/julia-release-1-dot-12/src/julia_locks.h:80 [inlined]
ijl_task_get_next at /cache/build/tester-amdci4-14/julialang/julia-release-1-dot-12/src/scheduler.c:461
poptask at ./task.jl:1187
wait at ./task.jl:1199
task_done_hook at ./task.jl:839
jfptr_task_done_hook_36828.1 at /home/engon/.julia/juliaup/julia-1.12.1+0.x64.linux.gnu/lib/julia/sys.so (unknown line)
jl_apply at /cache/build/tester-amdci4-14/julialang/julia-release-1-dot-12/src/julia.h:2391 [inlined]
jl_finish_task at /cache/build/tester-amdci4-14/julialang/julia-release-1-dot-12/src/task.c:345
start_task at /cache/build/tester-amdci4-14/julialang/julia-release-1-dot-12/src/task.c:1260
Precompiling packages...
   1407.7 ms  ✓ RRR
  1 dependency successfully precompiled in 1 seconds

[322767] signal 15: Terminated
in expression starting at none:0
unknown function (ip: 0x7eb2468aafe0) at /lib/x86_64-linux-gnu/libc.so.6
unknown function (ip: 0x7eb24689eae2) at /lib/x86_64-linux-gnu/libc.so.6
unknown function (ip: 0x7eb24689f236) at /lib/x86_64-linux-gnu/libc.so.6
pthread_cond_wait at /lib/x86_64-linux-gnu/libc.so.6 (unknown line)
uv_cond_wait at /workspace/srcdir/libuv/src/unix/thread.c:822
ijl_task_get_next at /cache/build/tester-amdci4-14/julialang/julia-release-1-dot-12/src/scheduler.c:523
poptask at ./task.jl:1187
wait at ./task.jl:1199
#wait#398 at ./condition.jl:141
wait at ./condition.jl:136 [inlined]
_trywait at ./asyncevent.jl:185
profile_printing_listener at ./Base.jl:332
#start_profile_listener##0 at ./Base.jl:352
jfptr_YY.start_profile_listenerYY.YY.0_15858.1 at /home/engon/.julia/juliaup/julia-1.12.1+0.x64.linux.gnu/lib/julia/sys.so (unknown line)
jl_apply at /cache/build/tester-amdci4-14/julialang/julia-release-1-dot-12/src/julia.h:2391 [inlined]
start_task at /cache/build/tester-amdci4-14/julialang/julia-release-1-dot-12/src/task.c:1249
unknown function (ip: (nil)) at (unknown file)
unknown function (ip: 0x7eb2468aafe2) at /lib/x86_64-linux-gnu/libc.so.6
unknown function (ip: 0x7eb24689eb62) at /lib/x86_64-linux-gnu/libc.so.6
epoll_pwait at /lib/x86_64-linux-gnu/libc.so.6 (unknown line)
uv__io_poll at /workspace/srcdir/libuv/src/unix/linux.c:1404
uv_run at /workspace/srcdir/libuv/src/unix/core.c:430
ijl_task_get_next at /cache/build/tester-amdci4-14/julialang/julia-release-1-dot-12/src/scheduler.c:457
poptask at ./task.jl:1187
wait at ./task.jl:1199
#wait#398 at ./condition.jl:141
wait at ./condition.jl:136 [inlined]
#copyuntil#646 at ./stream.jl:1046
copyuntil at ./stream.jl:1030 [inlined]
#copyline#394 at ./iobuffer.jl:944
copyline at ./iobuffer.jl:920 [inlined]
#readline#354 at ./io.jl:619
readline at ./io.jl:619 [inlined]
run at /home/engon/RRR.jl/src/server.jl:12
main at /home/engon/RRR.jl/src/RRR.jl:10
unknown function (ip: 0x7eb230303db2) at (unknown file)
jl_apply at /cache/build/tester-amdci4-14/julialang/julia-release-1-dot-12/src/julia.h:2391 [inlined]
jl_f_invokelatest at /cache/build/tester-amdci4-14/julialang/julia-release-1-dot-12/src/builtins.c:881
_start at ./client.jl:556
jfptr__start_31204.1 at /home/engon/.julia/juliaup/julia-1.12.1+0.x64.linux.gnu/lib/julia/sys.so (unknown line)
jl_apply at /cache/build/tester-amdci4-14/julialang/julia-release-1-dot-12/src/julia.h:2391 [inlined]
true_main at /cache/build/tester-amdci4-14/julialang/julia-release-1-dot-12/src/jlapi.c:971
jl_repl_entrypoint at /cache/build/tester-amdci4-14/julialang/julia-release-1-dot-12/src/jlapi.c:1139
main at /cache/build/tester-amdci4-14/julialang/julia-release-1-dot-12/cli/loader_exe.c:58
unknown function (ip: 0x7eb24682a577) at /lib/x86_64-linux-gnu/libc.so.6
__libc_start_main at /lib/x86_64-linux-gnu/libc.so.6 (unknown line)
unknown function (ip: 0x4010b8) at /workspace/srcdir/glibc-2.17/csu/../sysdeps/x86_64/start.S
unknown function (ip: (nil)) at (unknown file)
Allocations: 1 (Pool: 1; Big: 0); GC: 0
Exciting gracefully

[324490] signal 15: Terminated
in expression starting at none:0
unknown function (ip: 0x7f32edcaafe0) at /lib/x86_64-linux-gnu/libc.so.6
unknown function (ip: 0x7f32edc9eae2) at /lib/x86_64-linux-gnu/libc.so.6
unknown function (ip: 0x7f32edc9f236) at /lib/x86_64-linux-gnu/libc.so.6
pthread_cond_wait at /lib/x86_64-linux-gnu/libc.so.6 (unknown line)
uv_cond_wait at /workspace/srcdir/libuv/src/unix/thread.c:822
ijl_task_get_next at /cache/build/tester-amdci4-14/julialang/julia-release-1-dot-12/src/scheduler.c:523
poptask at ./task.jl:1187
wait at ./task.jl:1199
#wait#398 at ./condition.jl:141
wait at ./condition.jl:136 [inlined]
_trywait at ./asyncevent.jl:185
profile_printing_listener at ./Base.jl:332
#start_profile_listener##0 at ./Base.jl:352
jfptr_YY.start_profile_listenerYY.YY.0_15858.1 at /home/engon/.julia/juliaup/julia-1.12.1+0.x64.linux.gnu/lib/julia/sys.so (unknown line)
jl_apply at /cache/build/tester-amdci4-14/julialang/julia-release-1-dot-12/src/julia.h:2391 [inlined]
start_task at /cache/build/tester-amdci4-14/julialang/julia-release-1-dot-12/src/task.c:1249
unknown function (ip: (nil)) at (unknown file)
unknown function (ip: 0x7f32edcaafe2) at /lib/x86_64-linux-gnu/libc.so.6
unknown function (ip: 0x7f32edc9eb62) at /lib/x86_64-linux-gnu/libc.so.6
epoll_pwait at /lib/x86_64-linux-gnu/libc.so.6 (unknown line)
uv__io_poll at /workspace/srcdir/libuv/src/unix/linux.c:1404
uv_run at /workspace/srcdir/libuv/src/unix/core.c:430
ijl_task_get_next at /cache/build/tester-amdci4-14/julialang/julia-release-1-dot-12/src/scheduler.c:457
poptask at ./task.jl:1187
wait at ./task.jl:1199
#wait#398 at ./condition.jl:141
wait at ./condition.jl:136 [inlined]
#copyuntil#646 at ./stream.jl:1046
copyuntil at ./stream.jl:1030 [inlined]
#copyline#394 at ./iobuffer.jl:944
copyline at ./iobuffer.jl:920 [inlined]
#readline#354 at ./io.jl:619
readline at ./io.jl:619 [inlined]
run at /home/engon/RRR.jl/src/server.jl:12
main at /home/engon/RRR.jl/src/RRR.jl:10
unknown function (ip: 0x7f32d3301db2) at (unknown file)
jl_apply at /cache/build/tester-amdci4-14/julialang/julia-release-1-dot-12/src/julia.h:2391 [inlined]
jl_f_invokelatest at /cache/build/tester-amdci4-14/julialang/julia-release-1-dot-12/src/builtins.c:881
_start at ./client.jl:556
jfptr__start_31204.1 at /home/engon/.julia/juliaup/julia-1.12.1+0.x64.linux.gnu/lib/julia/sys.so (unknown line)
jl_apply at /cache/build/tester-amdci4-14/julialang/julia-release-1-dot-12/src/julia.h:2391 [inlined]
true_main at /cache/build/tester-amdci4-14/julialang/julia-release-1-dot-12/src/jlapi.c:971
jl_repl_entrypoint at /cache/build/tester-amdci4-14/julialang/julia-release-1-dot-12/src/jlapi.c:1139
main at /cache/build/tester-amdci4-14/julialang/julia-release-1-dot-12/cli/loader_exe.c:58
unknown function (ip: 0x7f32edc2a577) at /lib/x86_64-linux-gnu/libc.so.6
__libc_start_main at /lib/x86_64-linux-gnu/libc.so.6 (unknown line)
unknown function (ip: 0x4010b8) at /workspace/srcdir/glibc-2.17/csu/../sysdeps/x86_64/start.S
unknown function (ip: (nil)) at (unknown file)
Allocations: 1 (Pool: 1; Big: 0); GC: 0

[325851] signal 15: Terminated
in expression starting at none:0
unknown function (ip: 0x788ef7caafe0) at /lib/x86_64-linux-gnu/libc.so.6
unknown function (ip: 0x788ef7c9eae2) at /lib/x86_64-linux-gnu/libc.so.6
unknown function (ip: 0x788ef7c9f236) at /lib/x86_64-linux-gnu/libc.so.6
pthread_cond_wait at /lib/x86_64-linux-gnu/libc.so.6 (unknown line)
uv_cond_wait at /workspace/srcdir/libuv/src/unix/thread.c:822
ijl_task_get_next at /cache/build/tester-amdci4-14/julialang/julia-release-1-dot-12/src/scheduler.c:523
poptask at ./task.jl:1187
wait at ./task.jl:1199
#wait#398 at ./condition.jl:141
wait at ./condition.jl:136 [inlined]
_trywait at ./asyncevent.jl:185
profile_printing_listener at ./Base.jl:332
#start_profile_listener##0 at ./Base.jl:352
jfptr_YY.start_profile_listenerYY.YY.0_15858.1 at /home/engon/.julia/juliaup/julia-1.12.1+0.x64.linux.gnu/lib/julia/sys.so (unknown line)
jl_apply at /cache/build/tester-amdci4-14/julialang/julia-release-1-dot-12/src/julia.h:2391 [inlined]
start_task at /cache/build/tester-amdci4-14/julialang/julia-release-1-dot-12/src/task.c:1249
unknown function (ip: (nil)) at (unknown file)
unknown function (ip: 0x788ef7caafe2) at /lib/x86_64-linux-gnu/libc.so.6
unknown function (ip: 0x788ef7c9eb62) at /lib/x86_64-linux-gnu/libc.so.6
epoll_pwait at /lib/x86_64-linux-gnu/libc.so.6 (unknown line)
uv__io_poll at /workspace/srcdir/libuv/src/unix/linux.c:1404
uv_run at /workspace/srcdir/libuv/src/unix/core.c:430
ijl_task_get_next at /cache/build/tester-amdci4-14/julialang/julia-release-1-dot-12/src/scheduler.c:457
poptask at ./task.jl:1187
wait at ./task.jl:1199
#wait#398 at ./condition.jl:141
wait at ./condition.jl:136 [inlined]
accept at /cache/build/tester-amdci4-14/julialang/julia-release-1-dot-12/usr/share/julia/stdlib/v1.12/Sockets/src/Sockets.jl:716
accept at /cache/build/tester-amdci4-14/julialang/julia-release-1-dot-12/usr/share/julia/stdlib/v1.12/Sockets/src/PipeServer.jl:29 [inlined]
run at /home/engon/RRR.jl/src/server.jl:11
main at /home/engon/RRR.jl/src/RRR.jl:10
unknown function (ip: 0x788edd301db2) at (unknown file)
jl_apply at /cache/build/tester-amdci4-14/julialang/julia-release-1-dot-12/src/julia.h:2391 [inlined]
jl_f_invokelatest at /cache/build/tester-amdci4-14/julialang/julia-release-1-dot-12/src/builtins.c:881
_start at ./client.jl:556
jfptr__start_31204.1 at /home/engon/.julia/juliaup/julia-1.12.1+0.x64.linux.gnu/lib/julia/sys.so (unknown line)
jl_apply at /cache/build/tester-amdci4-14/julialang/julia-release-1-dot-12/src/julia.h:2391 [inlined]
true_main at /cache/build/tester-amdci4-14/julialang/julia-release-1-dot-12/src/jlapi.c:971
jl_repl_entrypoint at /cache/build/tester-amdci4-14/julialang/julia-release-1-dot-12/src/jlapi.c:1139
main at /cache/build/tester-amdci4-14/julialang/julia-release-1-dot-12/cli/loader_exe.c:58
unknown function (ip: 0x788ef7c2a577) at /lib/x86_64-linux-gnu/libc.so.6
__libc_start_main at /lib/x86_64-linux-gnu/libc.so.6 (unknown line)
unknown function (ip: 0x4010b8) at /workspace/srcdir/glibc-2.17/csu/../sysdeps/x86_64/start.S
unknown function (ip: (nil)) at (unknown file)
Allocations: 1 (Pool: 1; Big: 0); GC: 0

[326765] signal 15: Terminated
in expression starting at none:0
unknown function (ip: 0x7dd3c72aafe0) at /lib/x86_64-linux-gnu/libc.so.6
unknown function (ip: 0x7dd3c729eae2) at /lib/x86_64-linux-gnu/libc.so.6
unknown function (ip: 0x7dd3c729f236) at /lib/x86_64-linux-gnu/libc.so.6
pthread_cond_wait at /lib/x86_64-linux-gnu/libc.so.6 (unknown line)
uv_cond_wait at /workspace/srcdir/libuv/src/unix/thread.c:822
ijl_task_get_next at /cache/build/tester-amdci4-14/julialang/julia-release-1-dot-12/src/scheduler.c:523
poptask at ./task.jl:1187
wait at ./task.jl:1199
#wait#398 at ./condition.jl:141
wait at ./condition.jl:136 [inlined]
_trywait at ./asyncevent.jl:185
profile_printing_listener at ./Base.jl:332
#start_profile_listener##0 at ./Base.jl:352
jfptr_YY.start_profile_listenerYY.YY.0_15858.1 at /home/engon/.julia/juliaup/julia-1.12.1+0.x64.linux.gnu/lib/julia/sys.so (unknown line)
jl_apply at /cache/build/tester-amdci4-14/julialang/julia-release-1-dot-12/src/julia.h:2391 [inlined]
start_task at /cache/build/tester-amdci4-14/julialang/julia-release-1-dot-12/src/task.c:1249
unknown function (ip: (nil)) at (unknown file)
unknown function (ip: 0x7dd3c72aafe2) at /lib/x86_64-linux-gnu/libc.so.6
unknown function (ip: 0x7dd3c729eb62) at /lib/x86_64-linux-gnu/libc.so.6
epoll_pwait at /lib/x86_64-linux-gnu/libc.so.6 (unknown line)
uv__io_poll at /workspace/srcdir/libuv/src/unix/linux.c:1404
uv_run at /workspace/srcdir/libuv/src/unix/core.c:430
ijl_task_get_next at /cache/build/tester-amdci4-14/julialang/julia-release-1-dot-12/src/scheduler.c:457
poptask at ./task.jl:1187
wait at ./task.jl:1199
#wait#398 at ./condition.jl:141
wait at ./condition.jl:136 [inlined]
accept at /cache/build/tester-amdci4-14/julialang/julia-release-1-dot-12/usr/share/julia/stdlib/v1.12/Sockets/src/Sockets.jl:716
accept at /cache/build/tester-amdci4-14/julialang/julia-release-1-dot-12/usr/share/julia/stdlib/v1.12/Sockets/src/PipeServer.jl:29 [inlined]
run at /home/engon/RRR.jl/src/server.jl:11
main at /home/engon/RRR.jl/src/RRR.jl:10
unknown function (ip: 0x7dd3ac901db2) at (unknown file)
jl_apply at /cache/build/tester-amdci4-14/julialang/julia-release-1-dot-12/src/julia.h:2391 [inlined]
jl_f_invokelatest at /cache/build/tester-amdci4-14/julialang/julia-release-1-dot-12/src/builtins.c:881
_start at ./client.jl:556
jfptr__start_31204.1 at /home/engon/.julia/juliaup/julia-1.12.1+0.x64.linux.gnu/lib/julia/sys.so (unknown line)
jl_apply at /cache/build/tester-amdci4-14/julialang/julia-release-1-dot-12/src/julia.h:2391 [inlined]
true_main at /cache/build/tester-amdci4-14/julialang/julia-release-1-dot-12/src/jlapi.c:971
jl_repl_entrypoint at /cache/build/tester-amdci4-14/julialang/julia-release-1-dot-12/src/jlapi.c:1139
main at /cache/build/tester-amdci4-14/julialang/julia-release-1-dot-12/cli/loader_exe.c:58
unknown function (ip: 0x7dd3c722a577) at /lib/x86_64-linux-gnu/libc.so.6
__libc_start_main at /lib/x86_64-linux-gnu/libc.so.6 (unknown line)
unknown function (ip: 0x4010b8) at /workspace/srcdir/glibc-2.17/csu/../sysdeps/x86_64/start.S
unknown function (ip: (nil)) at (unknown file)
Allocations: 1 (Pool: 1; Big: 0); GC: 0
ERROR: InterruptException:
Stacktrace:
 [1] _start()
   @ Base ./client.jl:556
